# JRE version: Java(TM) SE Runtime Environment (8.0_271-b09) (build 1.8.0_271-b09)
# Java VM: Java HotSpot(TM) Client VM (25.271-b09 mixed mode windows-x86 )
Heap:
 def new generation   total 4928K, used 1890K [0x03c00000, 0x04150000, 0x09150000)
  eden space 4416K,  32% used [0x03c00000, 0x03d69ec8, 0x04050000)
  from space 512K,  86% used [0x040d0000, 0x0413ec50, 0x04150000)
  to   space 512K,   0% used [0x04050000, 0x04050000, 0x040d0000)
 tenured generation   total 10944K, used 2134K [0x09150000, 0x09c00000, 0x13c00000)
   the space 10944K,  19% used [0x09150000, 0x09365b18, 0x09365c00, 0x09c00000)
 Metaspace       used 5299K, capacity 5693K, committed 5760K, reserved 6528K
GC Heap History (10 events):
Event: 0.223 GC heap before
{Heap before GC invocations=0 (full 0):
 def new generation   total 4928K, used 4416K [0x03c00000, 0x04150000, 0x09150000)
  eden space 4416K, 100% used [0x03c00000, 0x04050000, 0x04050000)
  from space 512K,   0% used [0x04050000, 0x04050000, 0x040d0000)
  to   space 512K,   0% used [0x040d0000, 0x040d0000, 0x04150000)
 tenured generation   total 10944K, used 0K [0x09150000, 0x09c00000, 0x13c00000)
   the space 10944K,   0% used [0x09150000, 0x09150000, 0x09150200, 0x09c00000)
 Metaspace       used 3124K, capacity 3154K, committed 3264K, reserved 4480K
Event: 0.225 GC heap after
Heap after GC invocations=1 (full 0):
 def new generation   total 4928K, used 512K [0x03c00000, 0x04150000, 0x09150000)
  eden space 4416K,   0% used [0x03c00000, 0x03c00000, 0x04050000)
  from space 512K, 100% used [0x040d0000, 0x04150000, 0x04150000)
  to   space 512K,   0% used [0x04050000, 0x04050000, 0x040d0000)
 tenured generation   total 10944K, used 655K [0x09150000, 0x09c00000, 0x13c00000)
   the space 10944K,   5% used [0x09150000, 0x091f3e98, 0x091f4000, 0x09c00000)
 Metaspace       used 3124K, capacity 3154K, committed 3264K, reserved 4480K
}
Event: 0.358 GC heap before
{Heap before GC invocations=1 (full 0):
 def new generation   total 4928K, used 4928K [0x03c00000, 0x04150000, 0x09150000)
  eden space 4416K, 100% used [0x03c00000, 0x04050000, 0x04050000)
  from space 512K, 100% used [0x040d0000, 0x04150000, 0x04150000)
  to   space 512K,   0% used [0x04050000, 0x04050000, 0x040d0000)
 tenured generation   total 10944K, used 655K [0x09150000, 0x09c00000, 0x13c00000)
   the space 10944K,   5% used [0x09150000, 0x091f3e98, 0x091f4000, 0x09c00000)
 Metaspace       used 3375K, capacity 3378K, committed 3392K, reserved 4480K
Event: 0.360 GC heap after
Heap after GC invocations=2 (full 0):
 def new generation   total 4928K, used 512K [0x03c00000, 0x04150000, 0x09150000)
  eden space 4416K,   0% used [0x03c00000, 0x03c00000, 0x04050000)
  from space 512K, 100% used [0x04050000, 0x040d0000, 0x040d0000)
  to   space 512K,   0% used [0x040d0000, 0x040d0000, 0x04150000)
 tenured generation   total 10944K, used 1401K [0x09150000, 0x09c00000, 0x13c00000)
   the space 10944K,  12% used [0x09150000, 0x092ae6f0, 0x092ae800, 0x09c00000)
 Metaspace       used 3375K, capacity 3378K, committed 3392K, reserved 4480K
}
Event: 0.468 GC heap before
{Heap before GC invocations=2 (full 0):
 def new generation   total 4928K, used 4928K [0x03c00000, 0x04150000, 0x09150000)
  eden space 4416K, 100% used [0x03c00000, 0x04050000, 0x04050000)
  from space 512K, 100% used [0x04050000, 0x040d0000, 0x040d0000)
  to   space 512K,   0% used [0x040d0000, 0x040d0000, 0x04150000)
 tenured generation   total 10944K, used 1401K [0x09150000, 0x09c00000, 0x13c00000)
   the space 10944K,  12% used [0x09150000, 0x092ae6f0, 0x092ae800, 0x09c00000)
 Metaspace       used 4326K, capacity 4496K, committed 4608K, reserved 5504K
Event: 0.469 GC heap after
Heap after GC invocations=3 (full 0):
 def new generation   total 4928K, used 508K [0x03c00000, 0x04150000, 0x09150000)
  eden space 4416K,   0% used [0x03c00000, 0x03c00000, 0x04050000)
  from space 512K,  99% used [0x040d0000, 0x0414f280, 0x04150000)
  to   space 512K,   0% used [0x04050000, 0x04050000, 0x040d0000)
 tenured generation   total 10944K, used 1727K [0x09150000, 0x09c00000, 0x13c00000)
   the space 10944K,  15% used [0x09150000, 0x092ffcc0, 0x092ffe00, 0x09c00000)
 Metaspace       used 4326K, capacity 4496K, committed 4608K, reserved 5504K
}
Event: 0.550 GC heap before
{Heap before GC invocations=3 (full 0):
 def new generation   total 4928K, used 4924K [0x03c00000, 0x04150000, 0x09150000)
  eden space 4416K, 100% used [0x03c00000, 0x04050000, 0x04050000)
  from space 512K,  99% used [0x040d0000, 0x0414f280, 0x04150000)
  to   space 512K,   0% used [0x04050000, 0x04050000, 0x040d0000)
 tenured generation   total 10944K, used 1727K [0x09150000, 0x09c00000, 0x13c00000)
   the space 10944K,  15% used [0x09150000, 0x092ffcc0, 0x092ffe00, 0x09c00000)
 Metaspace       used 4728K, capacity 4993K, committed 5120K, reserved 5504K
Event: 0.553 GC heap after
Heap after GC invocations=4 (full 0):
 def new generation   total 4928K, used 415K [0x03c00000, 0x04150000, 0x09150000)
  eden space 4416K,   0% used [0x03c00000, 0x03c00000, 0x04050000)
  from space 512K,  81% used [0x04050000, 0x040b7e70, 0x040d0000)
  to   space 512K,   0% used [0x040d0000, 0x040d0000, 0x04150000)
 tenured generation   total 10944K, used 2036K [0x09150000, 0x09c00000, 0x13c00000)
   the space 10944K,  18% used [0x09150000, 0x0934d370, 0x0934d400, 0x09c00000)
 Metaspace       used 4728K, capacity 4993K, committed 5120K, reserved 5504K
}
Event: 0.620 GC heap before
{Heap before GC invocations=4 (full 0):
 def new generation   total 4928K, used 4831K [0x03c00000, 0x04150000, 0x09150000)
  eden space 4416K, 100% used [0x03c00000, 0x04050000, 0x04050000)
  from space 512K,  81% used [0x04050000, 0x040b7e70, 0x040d0000)
  to   space 512K,   0% used [0x040d0000, 0x040d0000, 0x04150000)
 tenured generation   total 10944K, used 2036K [0x09150000, 0x09c00000, 0x13c00000)
   the space 10944K,  18% used [0x09150000, 0x0934d370, 0x0934d400, 0x09c00000)
 Metaspace       used 5141K, capacity 5500K, committed 5504K, reserved 5504K
Event: 0.622 GC heap after
Heap after GC invocations=5 (full 0):
 def new generation   total 4928K, used 443K [0x03c00000, 0x04150000, 0x09150000)
  eden space 4416K,   0% used [0x03c00000, 0x03c00000, 0x04050000)
  from space 512K,  86% used [0x040d0000, 0x0413ec50, 0x04150000)
  to   space 512K,   0% used [0x04050000, 0x04050000, 0x040d0000)
 tenured generation   total 10944K, used 2134K [0x09150000, 0x09c00000, 0x13c00000)
   the space 10944K,  19% used [0x09150000, 0x09365b18, 0x09365c00, 0x09c00000)
 Metaspace       used 5141K, capacity 5500K, committed 5504K, reserved 5504K
}

